<?xml version="1.0" encoding="UTF-8"?>
<!-- Generated by org.testng.reporters.JUnitReportReporter -->
<testsuite hostname="LAPTOP-P9PJBISD" failures="0" tests="2" name="rahulshettyacademy.tests.SubmitOrderTest" time="23.199" errors="0" timestamp="26 Sep 2022 18:35:35 GMT" skipped="0">
  <testcase classname="rahulshettyacademy.tests.SubmitOrderTest" name="submitOrder" time="13.658"/>
  <testcase classname="rahulshettyacademy.tests.SubmitOrderTest" name="submitOrder" time="9.541"/>
</testsuite> <!-- rahulshettyacademy.tests.SubmitOrderTest -->
