<?xml version="1.0" encoding="UTF-8"?>
<!-- Generated by org.testng.reporters.JUnitReportReporter -->
<testsuite hostname="LAPTOP-P9PJBISD" failures="0" tests="2" name="rahulshettyacademy.tests.ErrorValidationsTest" time="26.813" errors="0" timestamp="26 Sep 2022 15:18:08 GMT" skipped="0">
  <testcase classname="rahulshettyacademy.tests.ErrorValidationsTest" name="LoginErrorValidation" time="13.637"/>
  <testcase classname="rahulshettyacademy.tests.ErrorValidationsTest" name="ProductErrorValidation" time="13.176"/>
</testsuite> <!-- rahulshettyacademy.tests.ErrorValidationsTest -->
